<?xml version="1.0" encoding="UTF-8"?>
<testsuite xmlns:xsi="http://www.w3.org/2001/XMLSchema-instance" xsi:noNamespaceSchemaLocation="https://maven.apache.org/surefire/maven-surefire-plugin/xsd/surefire-test-report.xsd" name="com.kexun.centmusic.CentmusicApplicationTests" time="13.516" tests="2" errors="1" skipped="0" failures="0">
  <properties>
[...]
</properties>
  <testcase name="testUrl" classname="com.kexun.centmusic.CentmusicApplicationTests" time="2.553"/>
  <testcase name="test4" classname="com.kexun.centmusic.CentmusicApplicationTests" time="4.889">
    <error message="E:\music\后来-刘若英.lrc (系统找不到指定的路径。)" type="java.io.FileNotFoundException">java.io.FileNotFoundException: E:\music\后来-刘若英.lrc (系统找不到指定的路径。)
	at com.kexun.centmusic.CentmusicApplicationTests.saveLrc(CentmusicApplicationTests.java:77)
	at com.kexun.centmusic.CentmusicApplicationTests.test4(CentmusicApplicationTests.java:70)
</error>
    <system-out><![CDATA[音乐文件保存成功:桥边姑娘-海伦
2020-03-11 21:47:15  [com.kexun.centmusic.platformdata.QMusic:fsx-Executor-1:0 ] - [ ERROR ]  错误: E:\music\桥边姑娘-海伦.mp3 (系统找不到指定的路径。)
2020-03-11 21:47:15  [com.kexun.centmusic.platformdata.QMusic:fsx-Executor-1:2 ] - [ INFO ]  文件保存成功
歌词获取失败:桥边姑娘-海伦
音乐文件保存成功:冬眠-司南
2020-03-11 21:47:15  [com.kexun.centmusic.platformdata.QMusic:fsx-Executor-2:619 ] - [ ERROR ]  错误: E:\music\冬眠-司南.mp3 (系统找不到指定的路径。)
2020-03-11 21:47:15  [com.kexun.centmusic.platformdata.QMusic:fsx-Executor-2:620 ] - [ INFO ]  文件保存成功
歌词获取失败:冬眠-司南
音乐文件保存成功:世界这么大还是遇见你-程响
2020-03-11 21:47:16  [com.kexun.centmusic.platformdata.QMusic:fsx-Executor-3:805 ] - [ ERROR ]  错误: E:\music\世界这么大还是遇见你-程响.mp3 (系统找不到指定的路径。)
2020-03-11 21:47:16  [com.kexun.centmusic.platformdata.QMusic:fsx-Executor-3:806 ] - [ INFO ]  文件保存成功
歌词获取失败:世界这么大还是遇见你-程响
音乐文件保存成功:体面-于文文
2020-03-11 21:47:16  [com.kexun.centmusic.platformdata.QMusic:fsx-Executor-4:1240 ] - [ ERROR ]  错误: E:\music\体面-于文文.mp3 (系统找不到指定的路径。)
2020-03-11 21:47:16  [com.kexun.centmusic.platformdata.QMusic:fsx-Executor-4:1240 ] - [ INFO ]  文件保存成功
歌词获取失败:体面-于文文
音乐文件保存成功:你的答案-阿冗
2020-03-11 21:47:16  [com.kexun.centmusic.platformdata.QMusic:fsx-Executor-5:1702 ] - [ ERROR ]  错误: E:\music\你的答案-阿冗.mp3 (系统找不到指定的路径。)
2020-03-11 21:47:16  [com.kexun.centmusic.platformdata.QMusic:fsx-Executor-5:1703 ] - [ INFO ]  文件保存成功
歌词获取失败:你的答案-阿冗
音乐文件保存成功:下山-要不要买菜
2020-03-11 21:47:17  [com.kexun.centmusic.platformdata.QMusic:fsx-Executor-6:2208 ] - [ ERROR ]  错误: E:\music\下山-要不要买菜.mp3 (系统找不到指定的路径。)
2020-03-11 21:47:17  [com.kexun.centmusic.platformdata.QMusic:fsx-Executor-6:2209 ] - [ INFO ]  文件保存成功
歌词获取失败:下山-要不要买菜
音乐文件保存成功:后来-刘若英
2020-03-11 21:47:17  [com.kexun.centmusic.platformdata.QMusic:fsx-Executor-7:2578 ] - [ ERROR ]  错误: E:\music\后来-刘若英.mp3 (系统找不到指定的路径。)
2020-03-11 21:47:17  [com.kexun.centmusic.platformdata.QMusic:fsx-Executor-7:2578 ] - [ INFO ]  文件保存成功
]]></system-out>
  </testcase>
</testsuite>